<?xml version="1.0" encoding="UTF-8"?>
<!-- Generated by org.testng.reporters.JUnitReportReporter -->
<testsuite hostname="DESKTOP-O3FL1N5" failures="0" tests="1" name="test.Test1" time="0.012" errors="0" timestamp="2021-08-28T07:37:34 IST" skipped="0">
  <testcase classname="test.Test1" name="test3" time="0.012"/>
  <system-out/>
</testsuite> <!-- test.Test1 -->
