<?xml version="1.0" encoding="UTF-8"?>
<!-- Generated by org.testng.reporters.JUnitReportReporter -->
<testsuite hostname="DESKTOP-O3FL1N5" failures="0" tests="4" name="test.Test2" time="0.019" errors="0" timestamp="2021-08-28T07:37:34 IST" skipped="0">
  <testcase classname="test.Test2" name="test7" time="0.005"/>
  <system-out/>
  <testcase classname="test.Test2" name="test5" time="0.005"/>
  <system-out/>
  <testcase classname="test.Test2" name="test6" time="0.007"/>
  <system-out/>
  <testcase classname="test.Test2" name="test8" time="0.002"/>
  <system-out/>
</testsuite> <!-- test.Test2 -->
